<?xml version="1.0" encoding="UTF-8"?>
<!-- Generated by org.testng.reporters.JUnitReportReporter -->
<testsuite skipped="0" hostname="DESKTOP-6TQ3FJR" name="CongaTest.AutomationAssignment.AppTest" tests="1" failures="0" timestamp="2020-11-07T16:41:36 IST" time="44.472" errors="0">
  <testcase name="scenario1Test" time="44.472" classname="CongaTest.AutomationAssignment.AppTest"/>
  <system-out/>
</testsuite> <!-- CongaTest.AutomationAssignment.AppTest -->
