<?xml version="1.0" encoding="UTF-8"?>
<!-- Generated by org.testng.reporters.JUnitReportReporter -->
<testsuite skipped="0" hostname="SrikanthLapee" name="CongaTest.AutomationAssignment.SeleniumTest" tests="1" failures="0" timestamp="2020-11-10T16:05:19 IST" time="57.361" errors="0">
  <testcase name="scenario1Test" time="57.361" classname="CongaTest.AutomationAssignment.SeleniumTest"/>
  <system-out/>
</testsuite> <!-- CongaTest.AutomationAssignment.SeleniumTest -->
